<?xml version="1.0" encoding="UTF-8" ?>
<testsuite tests="4" failures="1" name="com.learnmaven.mavendemo.AppTest" time="0.065" errors="0" skipped="0">
  <properties>
[...]
</properties>
  <testcase classname="com.learnmaven.mavendemo.AppTest" name="testAdd" time="0.055"/>
  <testcase classname="com.learnmaven.mavendemo.AppTest" name="testMultiply" time="0.01">
    <failure message="expected:&lt;10&gt; but was:&lt;100&gt;" type="junit.framework.AssertionFailedError">junit.framework.AssertionFailedError: expected:&lt;10&gt; but was:&lt;100&gt;
	at junit.framework.Assert.fail(Assert.java:47)
	at junit.framework.Assert.failNotEquals(Assert.java:282)
	at junit.framework.Assert.assertEquals(Assert.java:64)
	at junit.framework.Assert.assertEquals(Assert.java:201)
	at junit.framework.Assert.assertEquals(Assert.java:207)
	at com.learnmaven.mavendemo.AppTest.testMultiply(AppTest.java:46)
</failure>
  </testcase>
  <testcase classname="com.learnmaven.mavendemo.AppTest" name="testDivide" time="0"/>
  <testcase classname="com.learnmaven.mavendemo.AppTest" name="testSubtract" time="0"/>
</testsuite>